<?xml version="1.0" encoding="UTF-8"?>
<!-- Generated by org.testng.reporters.JUnitReportReporter -->
<testsuite hostname="DESKTOP-2BIDBLH" failures="0" tests="3" name="testNGGrouping.GroupingEg3" time="0.021" errors="0" timestamp="2022-11-17T18:23:18 IST" skipped="0">
  <testcase classname="testNGGrouping.GroupingEg3" name="I" time="0.004"/>
  <system-out>
    <![CDATA[I TC running]]>
  </system-out>
  <testcase classname="testNGGrouping.GroupingEg3" name="J" time="0.013"/>
  <system-out>
    <![CDATA[J TC running]]>
  </system-out>
  <testcase classname="testNGGrouping.GroupingEg3" name="G" time="0.004"/>
  <system-out>
    <![CDATA[G TC running]]>
  </system-out>
</testsuite> <!-- testNGGrouping.GroupingEg3 -->
