<?xml version="1.0" encoding="UTF-8"?>
<!-- Generated by org.testng.reporters.JUnitReportReporter -->
<testsuite hostname="DESKTOP-2BIDBLH" failures="0" tests="5" name="testNGKeywords.InvocationCount" time="0.061" errors="0" timestamp="2022-11-15T21:50:53 IST" skipped="0">
  <testcase classname="testNGKeywords.InvocationCount" name="loginToApplication" time="0.002"/>
  <system-out>
    <![CDATA[Login to App is done]]>
  </system-out>
  <testcase classname="testNGKeywords.InvocationCount" name="loginToApplication" time="0.012"/>
  <system-out>
    <![CDATA[Login to App is done]]>
  </system-out>
  <testcase classname="testNGKeywords.InvocationCount" name="loginToApplication" time="0.033"/>
  <system-out>
    <![CDATA[Login to App is done]]>
  </system-out>
  <testcase classname="testNGKeywords.InvocationCount" name="loginToApplication" time="0.006"/>
  <system-out>
    <![CDATA[Login to App is done]]>
  </system-out>
  <testcase classname="testNGKeywords.InvocationCount" name="loginToApplication" time="0.008"/>
  <system-out>
    <![CDATA[Login to App is done]]>
  </system-out>
</testsuite> <!-- testNGKeywords.InvocationCount -->
