<?xml version="1.0" encoding="UTF-8"?>
<!-- Generated by org.testng.reporters.JUnitReportReporter -->
<testsuite hostname="DESKTOP-2BIDBLH" failures="0" tests="1" name="neoStoxTestClass.ValidateNeoStoxUserName" time="14.752" errors="0" timestamp="2022-12-03T18:29:38 IST" skipped="0">
  <testcase classname="neoStoxTestClass.ValidateNeoStoxUserName" name="validateUserName" time="14.752"/>
  <system-out>
    <![CDATA[Getting actual username.
Reading expUserName from property file.
TC validateUserName passed successfully.]]>
  </system-out>
</testsuite> <!-- neoStoxTestClass.ValidateNeoStoxUserName -->
