<?xml version="1.0" encoding="UTF-8"?>
<!-- Generated by org.testng.reporters.JUnitReportReporter -->
<testsuite hostname="DESKTOP-2BIDBLH" failures="0" tests="4" name="testNGKeywords.Enabled" time="0.040" errors="0" timestamp="2022-11-15T22:05:12 IST" skipped="0">
  <testcase classname="testNGKeywords.Enabled" name="A" time="0.018"/>
  <system-out>
    <![CDATA[TC A is done]]>
  </system-out>
  <testcase classname="testNGKeywords.Enabled" name="D" time="0.008"/>
  <system-out>
    <![CDATA[TC D is done]]>
  </system-out>
  <testcase classname="testNGKeywords.Enabled" name="B" time="0.002"/>
  <system-out>
    <![CDATA[TC B is done]]>
  </system-out>
  <testcase classname="testNGKeywords.Enabled" name="C" time="0.012"/>
  <system-out>
    <![CDATA[TC C is done]]>
  </system-out>
</testsuite> <!-- testNGKeywords.Enabled -->
