<?xml version="1.0" encoding="UTF-8"?>
<!-- Generated by org.testng.reporters.JUnitReportReporter -->
<testsuite hostname="DESKTOP-2BIDBLH" failures="0" tests="4" name="testNGKeywords.Priority" time="0.025" errors="0" timestamp="2022-11-15T21:58:27 IST" skipped="0">
  <testcase classname="testNGKeywords.Priority" name="A" time="0.016"/>
  <system-out>
    <![CDATA[TC A is done]]>
  </system-out>
  <testcase classname="testNGKeywords.Priority" name="D" time="0.003"/>
  <system-out>
    <![CDATA[TC D is done]]>
  </system-out>
  <testcase classname="testNGKeywords.Priority" name="B" time="0.003"/>
  <system-out>
    <![CDATA[TC B is done]]>
  </system-out>
  <testcase classname="testNGKeywords.Priority" name="C" time="0.003"/>
  <system-out>
    <![CDATA[TC C is done]]>
  </system-out>
</testsuite> <!-- testNGKeywords.Priority -->
