<?xml version="1.0" encoding="UTF-8"?>
<!-- Generated by org.testng.reporters.JUnitReportReporter -->
<testsuite hostname="DESKTOP-2BIDBLH" failures="0" tests="2" name="testNGXML.Testing1" time="0.015" errors="0" timestamp="2022-11-16T20:40:22 IST" skipped="0">
  <testcase classname="testNGXML.Testing1" name="A" time="0.006"/>
  <system-out>
    <![CDATA[TC A is done]]>
  </system-out>
  <testcase classname="testNGXML.Testing1" name="D" time="0.009"/>
  <system-out>
    <![CDATA[TC D is done]]>
  </system-out>
</testsuite> <!-- testNGXML.Testing1 -->
