<?xml version="1.0" encoding="UTF-8"?>
<!-- Generated by org.testng.reporters.JUnitReportReporter -->
<testsuite hostname="DESKTOP-2BIDBLH" failures="0" tests="1" name="testNGSerialAndParallelExecution.GrowwLogin" time="19.526" errors="0" timestamp="2022-11-17T18:56:08 IST" skipped="0">
  <testcase classname="testNGSerialAndParallelExecution.GrowwLogin" name="Groww" time="19.526"/>
  <system-out>
    <![CDATA[Groww Launch]]>
  </system-out>
</testsuite> <!-- testNGSerialAndParallelExecution.GrowwLogin -->
