<?xml version="1.0" encoding="UTF-8"?>
<!-- Generated by org.testng.reporters.JUnitReportReporter -->
<testsuite hostname="DESKTOP-2BIDBLH" failures="0" tests="2" name="testNGAnnotations.AnnotationsStudy" time="0.028" errors="0" timestamp="2022-11-15T19:13:21 IST" skipped="0">
  <testcase classname="testNGAnnotations.AnnotationsStudy" name="RediffMailTest" time="0.013"/>
  <system-out>
    <![CDATA[Rediffmail test is done]]>
  </system-out>
  <testcase classname="testNGAnnotations.AnnotationsStudy" name="GoogleTest" time="0.015"/>
  <system-out>
    <![CDATA[Google test is done]]>
  </system-out>
</testsuite> <!-- testNGAnnotations.AnnotationsStudy -->
