<?xml version="1.0" encoding="UTF-8"?>
<!-- Generated by org.testng.reporters.JUnitReportReporter -->
<testsuite hostname="DESKTOP-2BIDBLH" failures="0" tests="5" name="testNGGrouping.GroupingEg4" time="0.044" errors="0" timestamp="2022-11-17T18:24:27 IST" skipped="0">
  <testcase classname="testNGGrouping.GroupingEg4" name="A" time="0.021"/>
  <system-out>
    <![CDATA[A TC running]]>
  </system-out>
  <testcase classname="testNGGrouping.GroupingEg4" name="D" time="0.005"/>
  <system-out>
    <![CDATA[D TC running]]>
  </system-out>
  <testcase classname="testNGGrouping.GroupingEg4" name="B" time="0.004"/>
  <system-out>
    <![CDATA[B TC running]]>
  </system-out>
  <testcase classname="testNGGrouping.GroupingEg4" name="C" time="0.010"/>
  <system-out>
    <![CDATA[C TC running]]>
  </system-out>
  <testcase classname="testNGGrouping.GroupingEg4" name="E" time="0.004"/>
  <system-out>
    <![CDATA[E TC running]]>
  </system-out>
</testsuite> <!-- testNGGrouping.GroupingEg4 -->
