<?xml version="1.0" encoding="UTF-8"?>
<!-- Generated by org.testng.reporters.JUnitReportReporter -->
<testsuite hostname="DESKTOP-2BIDBLH" failures="0" tests="1" name="testNGAnnotations.Annotations1" time="0.013" errors="0" timestamp="2022-11-15T19:24:52 IST" skipped="0">
  <testcase classname="testNGAnnotations.Annotations1" name="validateUserID" time="0.013"/>
  <system-out>
    <![CDATA[User ID validated]]>
  </system-out>
</testsuite> <!-- testNGAnnotations.Annotations1 -->
