<?xml version="1.0" encoding="UTF-8"?>
<!-- Generated by org.testng.reporters.JUnitReportReporter -->
<testsuite hostname="DESKTOP-2BIDBLH" failures="0" tests="1" name="testNGStudy.my1stTestBGClass" time="8.527" errors="0" timestamp="2022-11-15T17:48:40 IST" skipped="0">
  <testcase classname="testNGStudy.my1stTestBGClass" name="f" time="8.527"/>
  <system-out/>
</testsuite> <!-- testNGStudy.my1stTestBGClass -->
