<?xml version="1.0" encoding="UTF-8"?>
<!-- Generated by org.testng.reporters.JUnitReportReporter -->
<testsuite hostname="DESKTOP-2BIDBLH" failures="0" tests="1" name="testNGStudy.my1stTestNGClass" time="8.467" errors="0" timestamp="2022-11-15T17:58:17 IST" skipped="0">
  <testcase classname="testNGStudy.my1stTestNGClass" name="f" time="8.467"/>
  <system-out/>
</testsuite> <!-- testNGStudy.my1stTestNGClass -->
