<?xml version="1.0" encoding="UTF-8"?>
<!-- Generated by org.testng.reporters.JUnitReportReporter -->
<testsuite hostname="DESKTOP-2BIDBLH" failures="0" tests="4" name="testNGKeywords.DependsOn" time="0.032" errors="0" timestamp="2022-11-15T22:11:41 IST" skipped="0">
  <testcase classname="testNGKeywords.DependsOn" name="D" time="0.005"/>
  <system-out>
    <![CDATA[TC D is done]]>
  </system-out>
  <testcase classname="testNGKeywords.DependsOn" name="B" time="0.004"/>
  <system-out>
    <![CDATA[TC B is done]]>
  </system-out>
  <testcase classname="testNGKeywords.DependsOn" name="C" time="0.017"/>
  <system-out>
    <![CDATA[TC C is done]]>
  </system-out>
  <testcase classname="testNGKeywords.DependsOn" name="A" time="0.006"/>
  <system-out>
    <![CDATA[TC A is done]]>
  </system-out>
</testsuite> <!-- testNGKeywords.DependsOn -->
