<?xml version="1.0" encoding="UTF-8"?>
<!-- Generated by org.testng.reporters.JUnitReportReporter -->
<testsuite hostname="DESKTOP-2BIDBLH" failures="0" tests="3" name="testNGGrouping.GroupingEg1" time="0.017" errors="0" timestamp="2022-11-17T18:12:14 IST" skipped="0">
  <testcase classname="testNGGrouping.GroupingEg1" name="TC1" time="0.005"/>
  <system-out>
    <![CDATA[TC1 regression running]]>
  </system-out>
  <testcase classname="testNGGrouping.GroupingEg1" name="TC3" time="0.002"/>
  <system-out>
    <![CDATA[TC3 regression running]]>
  </system-out>
  <testcase classname="testNGGrouping.GroupingEg1" name="TC5" time="0.010"/>
  <system-out>
    <![CDATA[TC5 running]]>
  </system-out>
</testsuite> <!-- testNGGrouping.GroupingEg1 -->
