<?xml version="1.0" encoding="UTF-8"?>
<!-- Generated by org.testng.reporters.JUnitReportReporter -->
<testsuite hostname="DESKTOP-2BIDBLH" failures="0" tests="3" name="testNGGrouping.GroupingEg2" time="0.027" errors="0" timestamp="2022-11-17T18:12:14 IST" skipped="0">
  <testcase classname="testNGGrouping.GroupingEg2" name="TC10" time="0.023"/>
  <system-out>
    <![CDATA[TC10 running]]>
  </system-out>
  <testcase classname="testNGGrouping.GroupingEg2" name="TC8" time="0.003"/>
  <system-out>
    <![CDATA[TC8 regression running]]>
  </system-out>
  <testcase classname="testNGGrouping.GroupingEg2" name="TC6" time="0.001"/>
  <system-out>
    <![CDATA[TC6 regression running]]>
  </system-out>
</testsuite> <!-- testNGGrouping.GroupingEg2 -->
