<?xml version="1.0" encoding="UTF-8"?>
<!-- Generated by org.testng.reporters.JUnitReportReporter -->
<testsuite hostname="DESKTOP-2BIDBLH" failures="0" tests="2" name="testNGStudy.MyTesting" time="14.784" errors="0" timestamp="2022-11-15T18:26:59 IST" skipped="0">
  <testcase classname="testNGStudy.MyTesting" name="upstoxLoginTest" time="3.950"/>
  <system-out>
    <![CDATA[Hi Upstox login page is working fine
Hi Upstox]]>
  </system-out>
  <testcase classname="testNGStudy.MyTesting" name="GoogleTest" time="10.834"/>
  <system-out>
    <![CDATA[Hi Google Page is working fine
Hi Google]]>
  </system-out>
</testsuite> <!-- testNGStudy.MyTesting -->
