<?xml version="1.0" encoding="UTF-8"?>
<!-- Generated by org.testng.reporters.JUnitReportReporter -->
<testsuite hostname="DESKTOP-2BIDBLH" failures="0" tests="1" name="verificationUsingTestNG.MyTC" time="18.722" errors="0" timestamp="2022-11-18T17:40:23 IST" skipped="0">
  <testcase classname="verificationUsingTestNG.MyTC" name="verifyCheckBox" time="18.722"/>
  <system-out/>
</testsuite> <!-- verificationUsingTestNG.MyTC -->
