<?xml version="1.0" encoding="UTF-8"?>
<!-- Generated by org.testng.reporters.JUnitReportReporter -->
<testsuite hostname="DESKTOP-2BIDBLH" failures="0" tests="1" name="testNGSerialAndParallelExecution.KiteLogin" time="19.307" errors="0" timestamp="2022-11-17T18:56:08 IST" skipped="0">
  <testcase classname="testNGSerialAndParallelExecution.KiteLogin" name="Kite" time="19.307"/>
  <system-out>
    <![CDATA[Kite Launch]]>
  </system-out>
</testsuite> <!-- testNGSerialAndParallelExecution.KiteLogin -->
