<?xml version="1.0" encoding="UTF-8"?>
<!-- Generated by org.testng.reporters.JUnitReportReporter -->
<testsuite hostname="DESKTOP-2BIDBLH" failures="0" tests="1" name="crossBrowser.FirefoxLaunch" time="12.194" errors="0" timestamp="2022-11-18T19:02:26 IST" skipped="0">
  <testcase classname="crossBrowser.FirefoxLaunch" name="f" time="12.194"/>
  <system-out/>
</testsuite> <!-- crossBrowser.FirefoxLaunch -->
