<?xml version="1.0" encoding="UTF-8"?>
<!-- Generated by org.testng.reporters.JUnitReportReporter -->
<testsuite hostname="DESKTOP-2BIDBLH" failures="0" tests="1" name="verificationUsingTestNG.AssertNotEquals" time="0.028" errors="0" timestamp="2022-11-18T17:52:36 IST" skipped="0">
  <testcase classname="verificationUsingTestNG.AssertNotEquals" name="TC1" time="0.028"/>
  <system-out>
    <![CDATA[a and b are not matching TC is passed]]>
  </system-out>
</testsuite> <!-- verificationUsingTestNG.AssertNotEquals -->
