<?xml version="1.0" encoding="UTF-8"?>
<!-- Generated by org.testng.reporters.JUnitReportReporter -->
<testsuite hostname="DESKTOP-2BIDBLH" failures="0" tests="3" name="testNGXML.Testing2" time="0.035" errors="0" timestamp="2022-11-16T20:40:22 IST" skipped="0">
  <testcase classname="testNGXML.Testing2" name="F" time="0.021"/>
  <system-out>
    <![CDATA[TC F is done]]>
  </system-out>
  <testcase classname="testNGXML.Testing2" name="G" time="0.008"/>
  <system-out>
    <![CDATA[TC G is done]]>
  </system-out>
  <testcase classname="testNGXML.Testing2" name="J" time="0.006"/>
  <system-out>
    <![CDATA[TC J is done]]>
  </system-out>
</testsuite> <!-- testNGXML.Testing2 -->
